# JRE version: OpenJDK Runtime Environment (11.0.14.1+1) (build 11.0.14.1+1-LTS)
# Java VM: OpenJDK 64-Bit Server VM (11.0.14.1+1-LTS, mixed mode, tiered, compressed oops, g1 gc, bsd-aarch64)
Heap:
 garbage-first heap   total 157696K, used 101260K [0x0000000740000000, 0x00000007c0000000)
  region size 1024K, 90 young (92160K), 6 survivors (6144K)
 Metaspace       used 44190K, capacity 45708K, committed 45824K, reserved 1089536K
  class space    used 5776K, capacity 6377K, committed 6400K, reserved 1048576K
GC Heap History (14 events):
Event: 1.353 GC heap before
{Heap before GC invocations=0 (full 0):
 garbage-first heap   total 131072K, used 24576K [0x0000000740000000, 0x00000007c0000000)
  region size 1024K, 24 young (24576K), 0 survivors (0K)
 Metaspace       used 13841K, capacity 14168K, committed 14464K, reserved 1062912K
  class space    used 1470K, capacity 1614K, committed 1664K, reserved 1048576K
}
Event: 1.371 GC heap after
{Heap after GC invocations=1 (full 0):
 garbage-first heap   total 131072K, used 7381K [0x0000000740000000, 0x00000007c0000000)
  region size 1024K, 3 young (3072K), 3 survivors (3072K)
 Metaspace       used 13841K, capacity 14168K, committed 14464K, reserved 1062912K
  class space    used 1470K, capacity 1614K, committed 1664K, reserved 1048576K
}
Event: 1.632 GC heap before
{Heap before GC invocations=1 (full 0):
 garbage-first heap   total 131072K, used 41173K [0x0000000740000000, 0x00000007c0000000)
  region size 1024K, 36 young (36864K), 3 survivors (3072K)
 Metaspace       used 18512K, capacity 19085K, committed 19328K, reserved 1067008K
  class space    used 2135K, capacity 2379K, committed 2432K, reserved 1048576K
}
Event: 1.638 GC heap after
{Heap after GC invocations=2 (full 0):
 garbage-first heap   total 131072K, used 9210K [0x0000000740000000, 0x00000007c0000000)
  region size 1024K, 2 young (2048K), 2 survivors (2048K)
 Metaspace       used 18512K, capacity 19085K, committed 19328K, reserved 1067008K
  class space    used 2135K, capacity 2379K, committed 2432K, reserved 1048576K
}
Event: 1.732 GC heap before
{Heap before GC invocations=2 (full 0):
 garbage-first heap   total 131072K, used 19450K [0x0000000740000000, 0x00000007c0000000)
  region size 1024K, 14 young (14336K), 2 survivors (2048K)
 Metaspace       used 20505K, capacity 21122K, committed 21248K, reserved 1067008K
  class space    used 2403K, capacity 2709K, committed 2816K, reserved 1048576K
}
Event: 1.736 GC heap after
{Heap after GC invocations=3 (full 0):
 garbage-first heap   total 131072K, used 9623K [0x0000000740000000, 0x00000007c0000000)
  region size 1024K, 2 young (2048K), 2 survivors (2048K)
 Metaspace       used 20505K, capacity 21122K, committed 21248K, reserved 1067008K
  class space    used 2403K, capacity 2709K, committed 2816K, reserved 1048576K
}
Event: 1.886 GC heap before
{Heap before GC invocations=4 (full 0):
 garbage-first heap   total 131072K, used 56727K [0x0000000740000000, 0x00000007c0000000)
  region size 1024K, 49 young (50176K), 2 survivors (2048K)
 Metaspace       used 24658K, capacity 25476K, committed 25728K, reserved 1071104K
  class space    used 3090K, capacity 3438K, committed 3456K, reserved 1048576K
}
Event: 1.896 GC heap after
{Heap after GC invocations=5 (full 0):
 garbage-first heap   total 131072K, used 11005K [0x0000000740000000, 0x00000007c0000000)
  region size 1024K, 4 young (4096K), 4 survivors (4096K)
 Metaspace       used 24658K, capacity 25476K, committed 25728K, reserved 1071104K
  class space    used 3090K, capacity 3438K, committed 3456K, reserved 1048576K
}
Event: 2.203 GC heap before
{Heap before GC invocations=5 (full 0):
 garbage-first heap   total 131072K, used 68349K [0x0000000740000000, 0x00000007c0000000)
  region size 1024K, 61 young (62464K), 4 survivors (4096K)
 Metaspace       used 28556K, capacity 29548K, committed 29696K, reserved 1075200K
  class space    used 3576K, capacity 3993K, committed 4096K, reserved 1048576K
}
Event: 2.206 GC heap after
{Heap after GC invocations=6 (full 0):
 garbage-first heap   total 131072K, used 13120K [0x0000000740000000, 0x00000007c0000000)
  region size 1024K, 6 young (6144K), 6 survivors (6144K)
 Metaspace       used 28556K, capacity 29548K, committed 29696K, reserved 1075200K
  class space    used 3576K, capacity 3993K, committed 4096K, reserved 1048576K
}
Event: 2.570 GC heap before
{Heap before GC invocations=6 (full 0):
 garbage-first heap   total 131072K, used 84800K [0x0000000740000000, 0x00000007c0000000)
  region size 1024K, 76 young (77824K), 6 survivors (6144K)
 Metaspace       used 34128K, capacity 35250K, committed 35328K, reserved 1079296K
  class space    used 4382K, capacity 4860K, committed 4864K, reserved 1048576K
}
Event: 2.576 GC heap after
{Heap after GC invocations=7 (full 0):
 garbage-first heap   total 131072K, used 15635K [0x0000000740000000, 0x00000007c0000000)
  region size 1024K, 7 young (7168K), 7 survivors (7168K)
 Metaspace       used 34128K, capacity 35250K, committed 35328K, reserved 1079296K
  class space    used 4382K, capacity 4860K, committed 4864K, reserved 1048576K
}
Event: 2.596 GC heap before
{Heap before GC invocations=7 (full 0):
 garbage-first heap   total 131072K, used 19731K [0x0000000740000000, 0x00000007c0000000)
  region size 1024K, 12 young (12288K), 7 survivors (7168K)
 Metaspace       used 34481K, capacity 35763K, committed 35840K, reserved 1081344K
  class space    used 4459K, capacity 4992K, committed 4992K, reserved 1048576K
}
Event: 2.601 GC heap after
{Heap after GC invocations=8 (full 0):
 garbage-first heap   total 157696K, used 16268K [0x0000000740000000, 0x00000007c0000000)
  region size 1024K, 6 young (6144K), 6 survivors (6144K)
 Metaspace       used 34481K, capacity 35763K, committed 35840K, reserved 1081344K
  class space    used 4459K, capacity 4992K, committed 4992K, reserved 1048576K
}

